<?xml version="1.0" encoding="UTF-8"?>
<!-- Generated by org.testng.reporters.JUnitXMLReporter -->
<testsuite hostname="Apple-PC" ignored="0" name="SecondTest" tests="3" failures="0" timestamp="06 Jul 2019 19:12:10 GMT" time="39.776" errors="0">
  <testcase name="searchitem" time="12.631" classname="SeleniumAutomation.Amazon.SearchitemTest"/>
  <testcase name="searchitem" time="7.273" classname="SeleniumAutomation.Amazon.SearchitemTest"/>
  <testcase name="searchitem" time="6.382" classname="SeleniumAutomation.Amazon.SearchitemTest"/>
</testsuite> <!-- SecondTest -->
