<?xml version="1.0" encoding="UTF-8"?>
<!-- Generated by org.testng.reporters.JUnitXMLReporter -->
<testsuite hostname="Apple-PC" ignored="0" name="Test" tests="5" failures="0" timestamp="06 Jul 2019 19:03:58 GMT" time="88.899" errors="0">
  <testcase name="searchitem" time="9.768" classname="SeleniumAutomation.Amazon.SearchitemTest"/>
  <testcase name="searchitem" time="6.548" classname="SeleniumAutomation.Amazon.SearchitemTest"/>
  <testcase name="searchitem" time="6.549" classname="SeleniumAutomation.Amazon.SearchitemTest"/>
  <testcase name="basePage" time="17.187" classname="SeleniumAutomation.Amazon.HomepageTest"/>
  <testcase name="f" time="5.799" classname="SeleniumAutomation.Amazon.buyFerrariTest"/>
</testsuite> <!-- Test -->
