<?xml version="1.0" encoding="UTF-8"?>
<testng-results skipped="0" failed="0" ignored="0" total="5" passed="5">
  <reporter-output>
  </reporter-output>
  <suite name="Suite" duration-ms="102526" started-at="2019-07-06T19:10:52Z" finished-at="2019-07-06T19:12:34Z">
    <groups>
    </groups>
    <test name="FirstTest" duration-ms="38274" started-at="2019-07-06T19:10:52Z" finished-at="2019-07-06T19:11:30Z">
      <class name="SeleniumAutomation.Amazon.HomepageTest">
        <test-method status="PASS" signature="initializeTest()[pri:0, instance:SeleniumAutomation.Amazon.HomepageTest@4501b7af]" name="initializeTest" is-config="true" duration-ms="17127" started-at="2019-07-06T19:10:52Z" finished-at="2019-07-06T19:11:09Z">
          <reporter-output>
          </reporter-output>
        </test-method> <!-- initializeTest -->
        <test-method status="PASS" signature="basePage()[pri:0, instance:SeleniumAutomation.Amazon.HomepageTest@4501b7af]" name="basePage" duration-ms="19015" started-at="2019-07-06T19:11:09Z" finished-at="2019-07-06T19:11:28Z">
          <reporter-output>
          </reporter-output>
        </test-method> <!-- basePage -->
        <test-method status="PASS" signature="closeBrowser()[pri:0, instance:SeleniumAutomation.Amazon.HomepageTest@4501b7af]" name="closeBrowser" is-config="true" duration-ms="2096" started-at="2019-07-06T19:11:28Z" finished-at="2019-07-06T19:11:30Z">
          <reporter-output>
          </reporter-output>
        </test-method> <!-- closeBrowser -->
      </class> <!-- SeleniumAutomation.Amazon.HomepageTest -->
    </test> <!-- FirstTest -->
    <test name="SecondTest" duration-ms="39776" started-at="2019-07-06T19:11:30Z" finished-at="2019-07-06T19:12:10Z">
      <class name="SeleniumAutomation.Amazon.SearchitemTest">
        <test-method status="PASS" signature="initializeTest()[pri:0, instance:SeleniumAutomation.Amazon.SearchitemTest@4667ae56]" name="initializeTest" is-config="true" duration-ms="11153" started-at="2019-07-06T19:11:30Z" finished-at="2019-07-06T19:11:41Z">
          <reporter-output>
          </reporter-output>
        </test-method> <!-- initializeTest -->
        <test-method status="PASS" signature="searchitem(java.lang.String)[pri:0, instance:SeleniumAutomation.Amazon.SearchitemTest@4667ae56]" name="searchitem" duration-ms="12631" started-at="2019-07-06T19:11:41Z" data-provider="SearchProvider" finished-at="2019-07-06T19:11:54Z">
          <params>
            <param index="0">
              <value>
                <![CDATA[Mi trimmer]]>
              </value>
            </param>
          </params>
          <reporter-output>
          </reporter-output>
        </test-method> <!-- searchitem -->
        <test-method status="PASS" signature="searchitem(java.lang.String)[pri:0, instance:SeleniumAutomation.Amazon.SearchitemTest@4667ae56]" name="searchitem" duration-ms="7273" started-at="2019-07-06T19:11:54Z" data-provider="SearchProvider" finished-at="2019-07-06T19:12:01Z">
          <params>
            <param index="0">
              <value>
                <![CDATA[Philips trimmer]]>
              </value>
            </param>
          </params>
          <reporter-output>
          </reporter-output>
        </test-method> <!-- searchitem -->
        <test-method status="PASS" signature="searchitem(java.lang.String)[pri:0, instance:SeleniumAutomation.Amazon.SearchitemTest@4667ae56]" name="searchitem" duration-ms="6382" started-at="2019-07-06T19:12:01Z" data-provider="SearchProvider" finished-at="2019-07-06T19:12:07Z">
          <params>
            <param index="0">
              <value>
                <![CDATA[Syska trimmers]]>
              </value>
            </param>
          </params>
          <reporter-output>
          </reporter-output>
        </test-method> <!-- searchitem -->
        <test-method status="PASS" signature="closeBrowser()[pri:0, instance:SeleniumAutomation.Amazon.SearchitemTest@4667ae56]" name="closeBrowser" is-config="true" duration-ms="2322" started-at="2019-07-06T19:12:07Z" finished-at="2019-07-06T19:12:10Z">
          <reporter-output>
          </reporter-output>
        </test-method> <!-- closeBrowser -->
      </class> <!-- SeleniumAutomation.Amazon.SearchitemTest -->
    </test> <!-- SecondTest -->
    <test name="ThirdTest" duration-ms="24423" started-at="2019-07-06T19:12:10Z" finished-at="2019-07-06T19:12:34Z">
      <class name="SeleniumAutomation.Amazon.buyFerrariTest">
        <test-method status="PASS" signature="initializeTest()[pri:0, instance:SeleniumAutomation.Amazon.buyFerrariTest@464bee09]" name="initializeTest" is-config="true" duration-ms="15418" started-at="2019-07-06T19:12:10Z" finished-at="2019-07-06T19:12:25Z">
          <reporter-output>
          </reporter-output>
        </test-method> <!-- initializeTest -->
        <test-method status="PASS" signature="f()[pri:0, instance:SeleniumAutomation.Amazon.buyFerrariTest@464bee09]" name="f" duration-ms="6662" started-at="2019-07-06T19:12:25Z" finished-at="2019-07-06T19:12:32Z">
          <reporter-output>
          </reporter-output>
        </test-method> <!-- f -->
        <test-method status="PASS" signature="closeBrowser()[pri:0, instance:SeleniumAutomation.Amazon.buyFerrariTest@464bee09]" name="closeBrowser" is-config="true" duration-ms="2337" started-at="2019-07-06T19:12:32Z" finished-at="2019-07-06T19:12:34Z">
          <reporter-output>
          </reporter-output>
        </test-method> <!-- closeBrowser -->
      </class> <!-- SeleniumAutomation.Amazon.buyFerrariTest -->
    </test> <!-- ThirdTest -->
  </suite> <!-- Suite -->
</testng-results>
