<?xml version="1.0" encoding="UTF-8"?>
<!-- Generated by org.testng.reporters.JUnitXMLReporter -->
<testsuite hostname="Apple-PC" ignored="0" name="Default test" tests="5" failures="0" timestamp="06 Jul 2019 18:41:25 GMT" time="62.786" errors="0">
  <testcase name="basePage" time="17.397" classname="SeleniumAutomation.Amazon.HomepageTest"/>
  <testcase name="searchitem" time="12.0" classname="SeleniumAutomation.Amazon.SearchitemTest"/>
  <testcase name="searchitem" time="6.851" classname="SeleniumAutomation.Amazon.SearchitemTest"/>
  <testcase name="searchitem" time="7.284" classname="SeleniumAutomation.Amazon.SearchitemTest"/>
  <testcase name="f" time="2.993" classname="SeleniumAutomation.Amazon.buyFerrariTest"/>
</testsuite> <!-- Default test -->
